<?xml version="1.0" encoding="UTF-8"?>
<!-- Generated by org.testng.reporters.JUnitReportReporter -->
<testsuite hostname="DESKTOP-SBC7VVL" failures="0" tests="2" name="qaclickacademy.AppiumTest" time="0.004" errors="0" timestamp="2020-05-15T11:51:05 EEST" skipped="0">
  <testcase classname="qaclickacademy.AppiumTest" name="IOSApps" time="0.003"/>
  <system-out/>
  <testcase classname="qaclickacademy.AppiumTest" name="NativeAppAndroid" time="0.001"/>
  <system-out/>
</testsuite> <!-- qaclickacademy.AppiumTest -->
